<?xml version="1.0" encoding="UTF-8"?>
<testng-results ignored="0" total="1" passed="1" failed="0" skipped="0">
  <reporter-output>
  </reporter-output>
  <suite started-at="2023-11-24T22:00:18 IST" name="Default suite" finished-at="2023-11-24T22:00:36 IST" duration-ms="17637">
    <groups>
    </groups>
    <test started-at="2023-11-24T22:00:18 IST" name="Default test" finished-at="2023-11-24T22:00:36 IST" duration-ms="17637">
      <class name="LongPress">
        <test-method is-config="true" signature="configureAppium()[pri:0, instance:LongPress@50eac852]" started-at="2023-11-24T22:00:18 IST" name="configureAppium" finished-at="2023-11-24T22:00:24 IST" duration-ms="5595" status="PASS">
          <reporter-output>
          </reporter-output>
        </test-method> <!-- configureAppium -->
        <test-method signature="longPressGeasture()[pri:0, instance:LongPress@50eac852]" started-at="2023-11-24T22:00:24 IST" name="longPressGeasture" finished-at="2023-11-24T22:00:36 IST" duration-ms="11745" status="PASS">
          <reporter-output>
          </reporter-output>
        </test-method> <!-- longPressGeasture -->
        <test-method is-config="true" signature="tearDown()[pri:0, instance:LongPress@50eac852]" started-at="2023-11-24T22:00:36 IST" name="tearDown" finished-at="2023-11-24T22:00:36 IST" duration-ms="272" status="PASS">
          <reporter-output>
          </reporter-output>
        </test-method> <!-- tearDown -->
      </class> <!-- LongPress -->
    </test> <!-- Default test -->
  </suite> <!-- Default suite -->
</testng-results>
