<?xml version="1.0" encoding="UTF-8"?>
<testng-results ignored="0" total="1" passed="1" failed="0" skipped="0">
  <reporter-output>
  </reporter-output>
  <suite started-at="2023-12-09T23:11:25 IST" name="Default suite" finished-at="2023-12-09T23:11:58 IST" duration-ms="32460">
    <groups>
    </groups>
    <test started-at="2023-12-09T23:11:25 IST" name="Default test" finished-at="2023-12-09T23:11:58 IST" duration-ms="32460">
      <class name="First">
        <test-method is-config="true" signature="configureAppium()[pri:0, instance:First@5119fb47]" started-at="2023-12-09T23:11:25 IST" name="configureAppium" finished-at="2023-12-09T23:11:49 IST" duration-ms="24279" status="PASS">
          <reporter-output>
          </reporter-output>
        </test-method> <!-- configureAppium -->
        <test-method signature="appium()[pri:0, instance:First@5119fb47]" started-at="2023-12-09T23:11:49 IST" name="appium" finished-at="2023-12-09T23:11:58 IST" duration-ms="8153" status="PASS">
          <reporter-output>
          </reporter-output>
        </test-method> <!-- appium -->
        <test-method is-config="true" signature="tearDown()[pri:0, instance:First@5119fb47]" started-at="2023-12-09T23:11:58 IST" name="tearDown" finished-at="2023-12-09T23:11:58 IST" duration-ms="0" status="PASS">
          <reporter-output>
          </reporter-output>
        </test-method> <!-- tearDown -->
      </class> <!-- First -->
    </test> <!-- Default test -->
  </suite> <!-- Default suite -->
</testng-results>
